Flutter crash report.
Please report a bug at https://github.com/flutter/flutter/issues.

## command

flutter create teste_sdk

## exception

FileSystemException: FileSystemException: Cannot open file, path = 'C:\Users\Devnoite\AppData\Roaming\.dart-tool\dart-flutter-telemetry.log' (OS Error: A operação solicitada não pode ser executada em um arquivo com uma seção mapeada pelo usuário aberta.
, errno = 1224)

```
#0      _File.throwIfError (dart:io/file_impl.dart:675:7)
#1      _File.openSync (dart:io/file_impl.dart:490:5)
#2      _File.writeAsBytesSync (dart:io/file_impl.dart:644:31)
#3      _File.writeAsStringSync (dart:io/file_impl.dart:668:5)
#4      ForwardingFile.writeAsStringSync (package:file/src/forwarding/forwarding_file.dart:150:16)
#5      LogHandler.save (package:unified_analytics/src/log_handler.dart:296:15)
#6      AnalyticsImpl.send (package:unified_analytics/src/analytics.dart:622:17)
#7      FlutterCommand._sendPostUsage (package:flutter_tools/src/runner/flutter_command.dart:1613:15)
#8      FlutterCommand.run.<anonymous closure> (package:flutter_tools/src/runner/flutter_command.dart:1399:13)
<asynchronous suspension>
#9      AppContext.run.<anonymous closure> (package:flutter_tools/src/base/context.dart:153:19)
<asynchronous suspension>
#10     CommandRunner.runCommand (package:args/command_runner.dart:212:13)
<asynchronous suspension>
#11     FlutterCommandRunner.runCommand.<anonymous closure> (package:flutter_tools/src/runner/flutter_command_runner.dart:372:9)
<asynchronous suspension>
#12     AppContext.run.<anonymous closure> (package:flutter_tools/src/base/context.dart:153:19)
<asynchronous suspension>
#13     FlutterCommandRunner.runCommand (package:flutter_tools/src/runner/flutter_command_runner.dart:308:5)
<asynchronous suspension>
#14     run.<anonymous closure>.<anonymous closure> (package:flutter_tools/runner.dart:130:9)
<asynchronous suspension>
#15     AppContext.run.<anonymous closure> (package:flutter_tools/src/base/context.dart:153:19)
<asynchronous suspension>
#16     main (package:flutter_tools/executable.dart:93:3)
<asynchronous suspension>
```

## flutter doctor

```
[32m[✓][39m Flutter (Channel stable, 3.22.0, on Microsoft Windows [versÆo 10.0.19045.2364], locale pt-BR)
    [32m•[39m Flutter version 3.22.0 on channel stable at C:\src\flutter
    [32m•[39m Upstream repository https://github.com/flutter/flutter.git
    [32m•[39m Framework revision 5dcb86f68f (11 days ago), 2024-05-09 07:39:20 -0500
    [32m•[39m Engine revision f6344b75dc
    [32m•[39m Dart version 3.4.0
    [32m•[39m DevTools version 2.34.3

[32m[✓][39m Windows Version (Installed version of Windows is version 10 or higher)

[33m[!][39m Android toolchain - develop for Android devices (Android SDK version 34.0.0)
    [32m•[39m Android SDK at C:\Users\Devnoite\AppData\Local\Android\sdk
    [31m✗[39m cmdline-tools component is missing
      Run `path/to/sdkmanager --install "cmdline-tools;latest"`
      See https://developer.android.com/studio/command-line for more details.
    [31m✗[39m Android license status unknown.
      Run `flutter doctor --android-licenses` to accept the SDK licenses.
      See https://flutter.dev/docs/get-started/install/windows#android-setup for more details.

[32m[✓][39m Chrome - develop for the web
    [32m•[39m Chrome at C:\Program Files (x86)\Google\Chrome\Application\chrome.exe

[31m[✗][39m Visual Studio - develop Windows apps
    [31m✗[39m Visual Studio not installed; this is necessary to develop Windows apps.
      Download at https://visualstudio.microsoft.com/downloads/.
      Please install the "Desktop development with C++" workload, including all of its default components

[33m[!][39m Android Studio (not installed)
    [32m•[39m Android Studio not found; download from https://developer.android.com/studio/index.html
      (or visit https://flutter.dev/docs/get-started/install/windows#android-setup for detailed instructions).

[32m[✓][39m VS Code (version 1.89.1)
    [32m•[39m VS Code at C:\Users\Devnoite\AppData\Local\Programs\Microsoft VS Code
    [32m•[39m Flutter extension version 3.88.0

[32m[✓][39m Connected device (3 available)
    [32m•[39m Windows (desktop) • windows • windows-x64    • Microsoft Windows [versÆo 10.0.19045.2364]
    [32m•[39m Chrome (web)      • chrome  • web-javascript • Google Chrome 124.0.6367.209
    [32m•[39m Edge (web)        • edge    • web-javascript • Microsoft Edge 125.0.2535.51

[32m[✓][39m Network resources
    [32m•[39m All expected network resources are available.

[33m![39m Doctor found issues in 3 categories.
```
